[ 2016-11-29T14:54:49+08:00 ] 127.0.0.1 /$img_path
INFO: [ app_init ] --START--
INFO: Run Behavior\BuildLiteBehavior [ RunTime:0.000000s ]
INFO: [ app_init ] --END-- [ RunTime:0.001000s ]
ERR: 无法加载模块:$img_path

[ 2016-11-29T14:54:50+08:00 ] 127.0.0.1 /$img_path
INFO: [ app_init ] --START--
INFO: Run Behavior\BuildLiteBehavior [ RunTime:0.000000s ]
INFO: [ app_init ] --END-- [ RunTime:0.002000s ]
ERR: 无法加载模块:$img_path

[ 2016-11-29T14:54:50+08:00 ] 127.0.0.1 /$img_path
INFO: [ app_init ] --START--
INFO: Run Behavior\BuildLiteBehavior [ RunTime:0.000000s ]
INFO: [ app_init ] --END-- [ RunTime:0.001000s ]
ERR: 无法加载模块:$img_path

[ 2016-11-29T14:54:51+08:00 ] 127.0.0.1 /$img_path
INFO: [ app_init ] --START--
INFO: Run Behavior\BuildLiteBehavior [ RunTime:0.000000s ]
INFO: [ app_init ] --END-- [ RunTime:0.001000s ]
ERR: 无法加载模块:$img_path

[ 2016-11-29T14:54:51+08:00 ] 127.0.0.1 /$img_path
INFO: [ app_init ] --START--
INFO: Run Behavior\BuildLiteBehavior [ RunTime:0.000000s ]
INFO: [ app_init ] --END-- [ RunTime:0.004000s ]
ERR: 无法加载模块:$img_path

[ 2016-11-29T14:54:51+08:00 ] 127.0.0.1 /$img_path
INFO: [ app_init ] --START--
INFO: Run Behavior\BuildLiteBehavior [ RunTime:0.000000s ]
INFO: [ app_init ] --END-- [ RunTime:0.001000s ]
ERR: 无法加载模块:$img_path

[ 2016-11-29T14:55:04+08:00 ] 127.0.0.1 /$img_path
INFO: [ app_init ] --START--
INFO: Run Behavior\BuildLiteBehavior [ RunTime:0.001000s ]
INFO: [ app_init ] --END-- [ RunTime:0.002000s ]
ERR: 无法加载模块:$img_path

[ 2016-11-29T14:57:01+08:00 ] 127.0.0.1 /%7B%7B'$img_path'%7D%7D
INFO: [ app_init ] --START--
INFO: Run Behavior\BuildLiteBehavior [ RunTime:0.000000s ]
INFO: [ app_init ] --END-- [ RunTime:0.002000s ]
ERR: 无法加载模块:{{'$img_path'}}

[ 2016-11-29T14:57:02+08:00 ] 127.0.0.1 /%7B%7B'$img_path'%7D%7D
INFO: [ app_init ] --START--
INFO: Run Behavior\BuildLiteBehavior [ RunTime:0.000000s ]
INFO: [ app_init ] --END-- [ RunTime:0.001000s ]
ERR: 无法加载模块:{{'$img_path'}}

[ 2016-11-29T14:57:02+08:00 ] 127.0.0.1 /%7B%7B'$img_path'%7D%7D
INFO: [ app_init ] --START--
INFO: Run Behavior\BuildLiteBehavior [ RunTime:0.000000s ]
INFO: [ app_init ] --END-- [ RunTime:0.003000s ]
ERR: 无法加载模块:{{'$img_path'}}

[ 2016-11-29T14:57:02+08:00 ] 127.0.0.1 /%7B%7B'$img_path'%7D%7D
INFO: [ app_init ] --START--
INFO: Run Behavior\BuildLiteBehavior [ RunTime:0.000000s ]
INFO: [ app_init ] --END-- [ RunTime:0.002001s ]
ERR: 无法加载模块:{{'$img_path'}}

[ 2016-11-29T14:57:02+08:00 ] 127.0.0.1 /%7B%7B'$img_path'%7D%7D
INFO: [ app_init ] --START--
INFO: Run Behavior\BuildLiteBehavior [ RunTime:0.000000s ]
INFO: [ app_init ] --END-- [ RunTime:0.001000s ]
ERR: 无法加载模块:{{'$img_path'}}

[ 2016-11-29T14:57:03+08:00 ] 127.0.0.1 /%7B%7B'$img_path'%7D%7D
INFO: [ app_init ] --START--
INFO: Run Behavior\BuildLiteBehavior [ RunTime:0.000000s ]
INFO: [ app_init ] --END-- [ RunTime:0.002000s ]
ERR: 无法加载模块:{{'$img_path'}}

[ 2016-11-29T14:57:03+08:00 ] 127.0.0.1 /%7B%7B'$img_path'%7D%7D
INFO: [ app_init ] --START--
INFO: Run Behavior\BuildLiteBehavior [ RunTime:0.000000s ]
INFO: [ app_init ] --END-- [ RunTime:0.002000s ]
ERR: 无法加载模块:{{'$img_path'}}

[ 2016-11-29T14:57:03+08:00 ] 127.0.0.1 /%7B%7B'$img_path'%7D%7D
INFO: [ app_init ] --START--
INFO: Run Behavior\BuildLiteBehavior [ RunTime:0.000000s ]
INFO: [ app_init ] --END-- [ RunTime:0.001000s ]
ERR: 无法加载模块:{{'$img_path'}}

[ 2016-11-29T14:57:03+08:00 ] 127.0.0.1 /%7B%7B'$img_path'%7D%7D
INFO: [ app_init ] --START--
INFO: Run Behavior\BuildLiteBehavior [ RunTime:0.000000s ]
INFO: [ app_init ] --END-- [ RunTime:0.001000s ]
ERR: 无法加载模块:{{'$img_path'}}

[ 2016-11-29T14:57:03+08:00 ] 127.0.0.1 /%7B%7B'$img_path'%7D%7D
INFO: [ app_init ] --START--
INFO: Run Behavior\BuildLiteBehavior [ RunTime:0.000000s ]
INFO: [ app_init ] --END-- [ RunTime:0.002000s ]
ERR: 无法加载模块:{{'$img_path'}}

[ 2016-11-29T14:57:03+08:00 ] 127.0.0.1 /%7B%7B'$img_path'%7D%7D
INFO: [ app_init ] --START--
INFO: Run Behavior\BuildLiteBehavior [ RunTime:0.000000s ]
INFO: [ app_init ] --END-- [ RunTime:0.001000s ]
ERR: 无法加载模块:{{'$img_path'}}

[ 2016-11-29T14:57:04+08:00 ] 127.0.0.1 /%7B%7B'$img_path'%7D%7D
INFO: [ app_init ] --START--
INFO: Run Behavior\BuildLiteBehavior [ RunTime:0.000000s ]
INFO: [ app_init ] --END-- [ RunTime:0.004000s ]
ERR: 无法加载模块:{{'$img_path'}}

[ 2016-11-29T14:57:04+08:00 ] 127.0.0.1 /%7B%7B'$img_path'%7D%7D
INFO: [ app_init ] --START--
INFO: Run Behavior\BuildLiteBehavior [ RunTime:0.000000s ]
INFO: [ app_init ] --END-- [ RunTime:0.002000s ]
ERR: 无法加载模块:{{'$img_path'}}

[ 2016-11-29T14:57:04+08:00 ] 127.0.0.1 /%7B%7B'$img_path'%7D%7D
INFO: [ app_init ] --START--
INFO: Run Behavior\BuildLiteBehavior [ RunTime:0.001000s ]
INFO: [ app_init ] --END-- [ RunTime:0.002000s ]
ERR: 无法加载模块:{{'$img_path'}}

[ 2016-11-29T14:57:04+08:00 ] 127.0.0.1 /%7B%7B'$img_path'%7D%7D
INFO: [ app_init ] --START--
INFO: Run Behavior\BuildLiteBehavior [ RunTime:0.000000s ]
INFO: [ app_init ] --END-- [ RunTime:0.001000s ]
ERR: 无法加载模块:{{'$img_path'}}

[ 2016-11-29T14:57:04+08:00 ] 127.0.0.1 /%7B%7B'$img_path'%7D%7D
INFO: [ app_init ] --START--
INFO: Run Behavior\BuildLiteBehavior [ RunTime:0.000000s ]
INFO: [ app_init ] --END-- [ RunTime:0.003000s ]
ERR: 无法加载模块:{{'$img_path'}}

[ 2016-11-29T14:57:05+08:00 ] 127.0.0.1 /%7B%7B'$img_path'%7D%7D
INFO: [ app_init ] --START--
INFO: Run Behavior\BuildLiteBehavior [ RunTime:0.000000s ]
INFO: [ app_init ] --END-- [ RunTime:0.001000s ]
ERR: 无法加载模块:{{'$img_path'}}

[ 2016-11-29T14:57:05+08:00 ] 127.0.0.1 /%7B%7B'$img_path'%7D%7D
INFO: [ app_init ] --START--
INFO: Run Behavior\BuildLiteBehavior [ RunTime:0.000000s ]
INFO: [ app_init ] --END-- [ RunTime:0.000000s ]
ERR: 无法加载模块:{{'$img_path'}}

[ 2016-11-29T14:57:05+08:00 ] 127.0.0.1 /%7B%7B'$img_path'%7D%7D
INFO: [ app_init ] --START--
INFO: Run Behavior\BuildLiteBehavior [ RunTime:0.000000s ]
INFO: [ app_init ] --END-- [ RunTime:0.005000s ]
ERR: 无法加载模块:{{'$img_path'}}

[ 2016-11-29T14:57:06+08:00 ] 127.0.0.1 /%7B%7B'$img_path'%7D%7D
INFO: [ app_init ] --START--
INFO: Run Behavior\BuildLiteBehavior [ RunTime:0.000000s ]
INFO: [ app_init ] --END-- [ RunTime:0.001000s ]
ERR: 无法加载模块:{{'$img_path'}}

[ 2016-11-29T14:57:06+08:00 ] 127.0.0.1 /%7B%7B'$img_path'%7D%7D
INFO: [ app_init ] --START--
INFO: Run Behavior\BuildLiteBehavior [ RunTime:0.000000s ]
INFO: [ app_init ] --END-- [ RunTime:0.002000s ]
ERR: 无法加载模块:{{'$img_path'}}

[ 2016-11-29T14:57:06+08:00 ] 127.0.0.1 /%7B%7B'$img_path'%7D%7D
INFO: [ app_init ] --START--
INFO: Run Behavior\BuildLiteBehavior [ RunTime:0.000000s ]
INFO: [ app_init ] --END-- [ RunTime:0.001000s ]
ERR: 无法加载模块:{{'$img_path'}}

[ 2016-11-29T14:57:06+08:00 ] 127.0.0.1 /%7B%7B'$img_path'%7D%7D
INFO: [ app_init ] --START--
INFO: Run Behavior\BuildLiteBehavior [ RunTime:0.000000s ]
INFO: [ app_init ] --END-- [ RunTime:0.001000s ]
ERR: 无法加载模块:{{'$img_path'}}

[ 2016-11-29T14:57:06+08:00 ] 127.0.0.1 /%7B%7B'$img_path'%7D%7D
INFO: [ app_init ] --START--
INFO: Run Behavior\BuildLiteBehavior [ RunTime:0.000000s ]
INFO: [ app_init ] --END-- [ RunTime:0.002000s ]
ERR: 无法加载模块:{{'$img_path'}}

[ 2016-11-29T14:57:07+08:00 ] 127.0.0.1 /%7B%7B'$img_path'%7D%7D
INFO: [ app_init ] --START--
INFO: Run Behavior\BuildLiteBehavior [ RunTime:0.000000s ]
INFO: [ app_init ] --END-- [ RunTime:0.003000s ]
ERR: 无法加载模块:{{'$img_path'}}

[ 2016-11-29T15:00:40+08:00 ] 127.0.0.1 /%7B%7B'$img_path'%7D%7D
INFO: [ app_init ] --START--
INFO: Run Behavior\BuildLiteBehavior [ RunTime:0.000000s ]
INFO: [ app_init ] --END-- [ RunTime:0.002000s ]
ERR: 无法加载模块:{{'$img_path'}}

[ 2016-11-29T15:05:27+08:00 ] 127.0.0.1 /%7B%7B'$img_path'%7D%7D
INFO: [ app_init ] --START--
INFO: Run Behavior\BuildLiteBehavior [ RunTime:0.000000s ]
INFO: [ app_init ] --END-- [ RunTime:0.001000s ]
ERR: 无法加载模块:{{'$img_path'}}

[ 2016-11-29T15:07:40+08:00 ] 127.0.0.1 /%7B%7B'$img_path'%7D%7D
INFO: [ app_init ] --START--
INFO: Run Behavior\BuildLiteBehavior [ RunTime:0.000000s ]
INFO: [ app_init ] --END-- [ RunTime:0.001000s ]
ERR: 无法加载模块:{{'$img_path'}}

[ 2016-11-29T15:07:52+08:00 ] 127.0.0.1 /%7B%7B'$img_path'%7D%7D
INFO: [ app_init ] --START--
INFO: Run Behavior\BuildLiteBehavior [ RunTime:0.000000s ]
INFO: [ app_init ] --END-- [ RunTime:0.001000s ]
ERR: 无法加载模块:{{'$img_path'}}

[ 2016-11-29T15:11:37+08:00 ] 127.0.0.1 /%7B%7B'$img_path'%7D%7D
INFO: [ app_init ] --START--
INFO: Run Behavior\BuildLiteBehavior [ RunTime:0.000000s ]
INFO: [ app_init ] --END-- [ RunTime:0.001000s ]
ERR: 无法加载模块:{{'$img_path'}}

[ 2016-11-29T15:11:38+08:00 ] 127.0.0.1 /%7B%7B'$img_path'%7D%7D
INFO: [ app_init ] --START--
INFO: Run Behavior\BuildLiteBehavior [ RunTime:0.000000s ]
INFO: [ app_init ] --END-- [ RunTime:0.001000s ]
ERR: 无法加载模块:{{'$img_path'}}

[ 2016-11-29T15:11:39+08:00 ] 127.0.0.1 /%7B%7B'$img_path'%7D%7D
INFO: [ app_init ] --START--
INFO: Run Behavior\BuildLiteBehavior [ RunTime:0.000000s ]
INFO: [ app_init ] --END-- [ RunTime:0.002000s ]
ERR: 无法加载模块:{{'$img_path'}}

[ 2016-11-29T15:11:39+08:00 ] 127.0.0.1 /%7B%7B'$img_path'%7D%7D
INFO: [ app_init ] --START--
INFO: Run Behavior\BuildLiteBehavior [ RunTime:0.000000s ]
INFO: [ app_init ] --END-- [ RunTime:0.001000s ]
ERR: 无法加载模块:{{'$img_path'}}

[ 2016-11-29T15:11:39+08:00 ] 127.0.0.1 /%7B%7B'$img_path'%7D%7D
INFO: [ app_init ] --START--
INFO: Run Behavior\BuildLiteBehavior [ RunTime:0.000000s ]
INFO: [ app_init ] --END-- [ RunTime:0.002000s ]
ERR: 无法加载模块:{{'$img_path'}}

[ 2016-11-29T15:11:39+08:00 ] 127.0.0.1 /%7B%7B'$img_path'%7D%7D
INFO: [ app_init ] --START--
INFO: Run Behavior\BuildLiteBehavior [ RunTime:0.000000s ]
INFO: [ app_init ] --END-- [ RunTime:0.001000s ]
ERR: 无法加载模块:{{'$img_path'}}

[ 2016-11-29T15:11:39+08:00 ] 127.0.0.1 /%7B%7B'$img_path'%7D%7D
INFO: [ app_init ] --START--
INFO: Run Behavior\BuildLiteBehavior [ RunTime:0.000000s ]
INFO: [ app_init ] --END-- [ RunTime:0.000000s ]
ERR: 无法加载模块:{{'$img_path'}}

[ 2016-11-29T15:11:39+08:00 ] 127.0.0.1 /%7B%7B'$img_path'%7D%7D
INFO: [ app_init ] --START--
INFO: Run Behavior\BuildLiteBehavior [ RunTime:0.000000s ]
INFO: [ app_init ] --END-- [ RunTime:0.001000s ]
ERR: 无法加载模块:{{'$img_path'}}

[ 2016-11-29T15:11:40+08:00 ] 127.0.0.1 /%7B%7B'$img_path'%7D%7D
INFO: [ app_init ] --START--
INFO: Run Behavior\BuildLiteBehavior [ RunTime:0.000000s ]
INFO: [ app_init ] --END-- [ RunTime:0.002000s ]
ERR: 无法加载模块:{{'$img_path'}}

[ 2016-11-29T15:11:40+08:00 ] 127.0.0.1 /%7B%7B'$img_path'%7D%7D
INFO: [ app_init ] --START--
INFO: Run Behavior\BuildLiteBehavior [ RunTime:0.000000s ]
INFO: [ app_init ] --END-- [ RunTime:0.001000s ]
ERR: 无法加载模块:{{'$img_path'}}

[ 2016-11-29T15:11:40+08:00 ] 127.0.0.1 /%7B%7B'$img_path'%7D%7D
INFO: [ app_init ] --START--
INFO: Run Behavior\BuildLiteBehavior [ RunTime:0.000000s ]
INFO: [ app_init ] --END-- [ RunTime:0.002000s ]
ERR: 无法加载模块:{{'$img_path'}}

[ 2016-11-29T15:11:40+08:00 ] 127.0.0.1 /%7B%7B'$img_path'%7D%7D
INFO: [ app_init ] --START--
INFO: Run Behavior\BuildLiteBehavior [ RunTime:0.001000s ]
INFO: [ app_init ] --END-- [ RunTime:0.002000s ]
ERR: 无法加载模块:{{'$img_path'}}

[ 2016-11-29T15:11:40+08:00 ] 127.0.0.1 /%7B%7B'$img_path'%7D%7D
INFO: [ app_init ] --START--
INFO: Run Behavior\BuildLiteBehavior [ RunTime:0.000000s ]
INFO: [ app_init ] --END-- [ RunTime:0.001000s ]
ERR: 无法加载模块:{{'$img_path'}}

[ 2016-11-29T15:11:41+08:00 ] 127.0.0.1 /%7B%7B'$img_path'%7D%7D
INFO: [ app_init ] --START--
INFO: Run Behavior\BuildLiteBehavior [ RunTime:0.000000s ]
INFO: [ app_init ] --END-- [ RunTime:0.001000s ]
ERR: 无法加载模块:{{'$img_path'}}

[ 2016-11-29T15:11:41+08:00 ] 127.0.0.1 /%7B%7B'$img_path'%7D%7D
INFO: [ app_init ] --START--
INFO: Run Behavior\BuildLiteBehavior [ RunTime:0.000000s ]
INFO: [ app_init ] --END-- [ RunTime:0.001000s ]
ERR: 无法加载模块:{{'$img_path'}}

[ 2016-11-29T15:11:41+08:00 ] 127.0.0.1 /%7B%7B'$img_path'%7D%7D
INFO: [ app_init ] --START--
INFO: Run Behavior\BuildLiteBehavior [ RunTime:0.000000s ]
INFO: [ app_init ] --END-- [ RunTime:0.001000s ]
ERR: 无法加载模块:{{'$img_path'}}

[ 2016-11-29T15:11:41+08:00 ] 127.0.0.1 /%7B%7B'$img_path'%7D%7D
INFO: [ app_init ] --START--
INFO: Run Behavior\BuildLiteBehavior [ RunTime:0.000000s ]
INFO: [ app_init ] --END-- [ RunTime:0.001000s ]
ERR: 无法加载模块:{{'$img_path'}}

[ 2016-11-29T15:11:41+08:00 ] 127.0.0.1 /%7B%7B'$img_path'%7D%7D
INFO: [ app_init ] --START--
INFO: Run Behavior\BuildLiteBehavior [ RunTime:0.000000s ]
INFO: [ app_init ] --END-- [ RunTime:0.001000s ]
ERR: 无法加载模块:{{'$img_path'}}

[ 2016-11-29T15:11:41+08:00 ] 127.0.0.1 /%7B%7B'$img_path'%7D%7D
INFO: [ app_init ] --START--
INFO: Run Behavior\BuildLiteBehavior [ RunTime:0.000000s ]
INFO: [ app_init ] --END-- [ RunTime:0.002000s ]
ERR: 无法加载模块:{{'$img_path'}}

[ 2016-11-29T15:11:42+08:00 ] 127.0.0.1 /%7B%7B'$img_path'%7D%7D
INFO: [ app_init ] --START--
INFO: Run Behavior\BuildLiteBehavior [ RunTime:0.000000s ]
INFO: [ app_init ] --END-- [ RunTime:0.002000s ]
ERR: 无法加载模块:{{'$img_path'}}

[ 2016-11-29T15:11:42+08:00 ] 127.0.0.1 /%7B%7B'$img_path'%7D%7D
INFO: [ app_init ] --START--
INFO: Run Behavior\BuildLiteBehavior [ RunTime:0.000000s ]
INFO: [ app_init ] --END-- [ RunTime:0.001000s ]
ERR: 无法加载模块:{{'$img_path'}}

[ 2016-11-29T15:11:42+08:00 ] 127.0.0.1 /%7B%7B'$img_path'%7D%7D
INFO: [ app_init ] --START--
INFO: Run Behavior\BuildLiteBehavior [ RunTime:0.000000s ]
INFO: [ app_init ] --END-- [ RunTime:0.001000s ]
ERR: 无法加载模块:{{'$img_path'}}

[ 2016-11-29T15:11:42+08:00 ] 127.0.0.1 /%7B%7B'$img_path'%7D%7D
INFO: [ app_init ] --START--
INFO: Run Behavior\BuildLiteBehavior [ RunTime:0.000000s ]
INFO: [ app_init ] --END-- [ RunTime:0.001000s ]
ERR: 无法加载模块:{{'$img_path'}}

[ 2016-11-29T15:11:42+08:00 ] 127.0.0.1 /%7B%7B'$img_path'%7D%7D
INFO: [ app_init ] --START--
INFO: Run Behavior\BuildLiteBehavior [ RunTime:0.000000s ]
INFO: [ app_init ] --END-- [ RunTime:0.001000s ]
ERR: 无法加载模块:{{'$img_path'}}

[ 2016-11-29T15:11:42+08:00 ] 127.0.0.1 /%7B%7B'$img_path'%7D%7D
INFO: [ app_init ] --START--
INFO: Run Behavior\BuildLiteBehavior [ RunTime:0.000000s ]
INFO: [ app_init ] --END-- [ RunTime:0.001000s ]
ERR: 无法加载模块:{{'$img_path'}}

[ 2016-11-29T15:11:43+08:00 ] 127.0.0.1 /%7B%7B'$img_path'%7D%7D
INFO: [ app_init ] --START--
INFO: Run Behavior\BuildLiteBehavior [ RunTime:0.000000s ]
INFO: [ app_init ] --END-- [ RunTime:0.002000s ]
ERR: 无法加载模块:{{'$img_path'}}

[ 2016-11-29T15:11:43+08:00 ] 127.0.0.1 /%7B%7B'$img_path'%7D%7D
INFO: [ app_init ] --START--
INFO: Run Behavior\BuildLiteBehavior [ RunTime:0.000000s ]
INFO: [ app_init ] --END-- [ RunTime:0.001000s ]
ERR: 无法加载模块:{{'$img_path'}}

[ 2016-11-29T15:11:43+08:00 ] 127.0.0.1 /%7B%7B'$img_path'%7D%7D
INFO: [ app_init ] --START--
INFO: Run Behavior\BuildLiteBehavior [ RunTime:0.001000s ]
INFO: [ app_init ] --END-- [ RunTime:0.005000s ]
ERR: 无法加载模块:{{'$img_path'}}

