[ 2016-11-20T18:52:37+08:00 ] 192.168.1.102 /Public/assets/images/msj_menuarrow.gif?v=3
INFO: [ app_init ] --START--
INFO: Run Behavior\BuildLiteBehavior [ RunTime:0.000000s ]
INFO: [ app_init ] --END-- [ RunTime:0.001000s ]
ERR: 无法加载模块:Public

[ 2016-11-20T18:52:37+08:00 ] 192.168.1.102 /Public/assets/images/index_arrow.gif?v=1
INFO: [ app_init ] --START--
INFO: Run Behavior\BuildLiteBehavior [ RunTime:0.000000s ]
INFO: [ app_init ] --END-- [ RunTime:0.001000s ]
ERR: 无法加载模块:Public

[ 2016-11-20T18:52:37+08:00 ] 192.168.1.102 /favicon.ico
INFO: [ app_init ] --START--
INFO: Run Behavior\BuildLiteBehavior [ RunTime:0.000000s ]
INFO: [ app_init ] --END-- [ RunTime:0.000000s ]
ERR: 无法加载模块:Favicon

[ 2016-11-20T18:52:48+08:00 ] 192.168.1.102 /Public/assets/images/msj_menuarrow.gif?v=3
INFO: [ app_init ] --START--
INFO: Run Behavior\BuildLiteBehavior [ RunTime:0.000000s ]
INFO: [ app_init ] --END-- [ RunTime:0.001000s ]
ERR: 无法加载模块:Public

[ 2016-11-20T18:52:49+08:00 ] 192.168.1.102 /favicon.ico
INFO: [ app_init ] --START--
INFO: Run Behavior\BuildLiteBehavior [ RunTime:0.000000s ]
INFO: [ app_init ] --END-- [ RunTime:0.001001s ]
ERR: 无法加载模块:Favicon

[ 2016-11-20T18:52:49+08:00 ] 192.168.1.102 /Public/assets/images/msj_menuarrow.gif?v=3
INFO: [ app_init ] --START--
INFO: Run Behavior\BuildLiteBehavior [ RunTime:0.000000s ]
INFO: [ app_init ] --END-- [ RunTime:0.001000s ]
ERR: 无法加载模块:Public

[ 2016-11-20T18:52:53+08:00 ] 192.168.1.102 /favicon.ico
INFO: [ app_init ] --START--
INFO: Run Behavior\BuildLiteBehavior [ RunTime:0.000000s ]
INFO: [ app_init ] --END-- [ RunTime:0.000000s ]
ERR: 无法加载模块:Favicon

[ 2016-11-20T18:52:54+08:00 ] 192.168.1.102 /Public/assets/images/msj_menuarrow.gif?v=3
INFO: [ app_init ] --START--
INFO: Run Behavior\BuildLiteBehavior [ RunTime:0.000000s ]
INFO: [ app_init ] --END-- [ RunTime:0.001001s ]
ERR: 无法加载模块:Public

[ 2016-11-20T18:54:59+08:00 ] 127.0.0.1 /ajax/index_more_news.php?st=2
INFO: [ app_init ] --START--
INFO: Run Behavior\BuildLiteBehavior [ RunTime:0.001000s ]
INFO: [ app_init ] --END-- [ RunTime:0.001000s ]
ERR: 无法加载模块:Ajax

[ 2016-11-20T18:55:03+08:00 ] 127.0.0.1 /ajax/index_more_news.php?st=4
INFO: [ app_init ] --START--
INFO: Run Behavior\BuildLiteBehavior [ RunTime:0.000000s ]
INFO: [ app_init ] --END-- [ RunTime:0.001000s ]
ERR: 无法加载模块:Ajax

[ 2016-11-20T18:55:08+08:00 ] 127.0.0.1 /ajax/index_more_news.php?st=5
INFO: [ app_init ] --START--
INFO: Run Behavior\BuildLiteBehavior [ RunTime:0.000000s ]
INFO: [ app_init ] --END-- [ RunTime:0.001000s ]
ERR: 无法加载模块:Ajax

[ 2016-11-20T18:55:13+08:00 ] 127.0.0.1 /ajax/index_more_news.php?st=1
INFO: [ app_init ] --START--
INFO: Run Behavior\BuildLiteBehavior [ RunTime:0.000000s ]
INFO: [ app_init ] --END-- [ RunTime:0.001000s ]
ERR: 无法加载模块:Ajax

[ 2016-11-20T18:55:19+08:00 ] 127.0.0.1 /ajax/index_more_news.php?st=2
INFO: [ app_init ] --START--
INFO: Run Behavior\BuildLiteBehavior [ RunTime:0.000000s ]
INFO: [ app_init ] --END-- [ RunTime:0.000000s ]
ERR: 无法加载模块:Ajax

[ 2016-11-20T18:55:23+08:00 ] 127.0.0.1 /ajax/index_more_news.php?st=4
INFO: [ app_init ] --START--
INFO: Run Behavior\BuildLiteBehavior [ RunTime:0.000000s ]
INFO: [ app_init ] --END-- [ RunTime:0.001000s ]
ERR: 无法加载模块:Ajax

[ 2016-11-20T18:55:28+08:00 ] 127.0.0.1 /ajax/index_more_news.php?st=5
INFO: [ app_init ] --START--
INFO: Run Behavior\BuildLiteBehavior [ RunTime:0.000000s ]
INFO: [ app_init ] --END-- [ RunTime:0.001000s ]
ERR: 无法加载模块:Ajax

[ 2016-11-20T18:55:33+08:00 ] 127.0.0.1 /ajax/index_more_news.php?st=1
INFO: [ app_init ] --START--
INFO: Run Behavior\BuildLiteBehavior [ RunTime:0.000000s ]
INFO: [ app_init ] --END-- [ RunTime:0.001000s ]
ERR: 无法加载模块:Ajax

[ 2016-11-20T18:55:38+08:00 ] 127.0.0.1 /ajax/index_more_news.php?st=2
INFO: [ app_init ] --START--
INFO: Run Behavior\BuildLiteBehavior [ RunTime:0.000000s ]
INFO: [ app_init ] --END-- [ RunTime:0.001000s ]
ERR: 无法加载模块:Ajax

[ 2016-11-20T18:55:43+08:00 ] 127.0.0.1 /ajax/index_more_news.php?st=4
INFO: [ app_init ] --START--
INFO: Run Behavior\BuildLiteBehavior [ RunTime:0.001000s ]
INFO: [ app_init ] --END-- [ RunTime:0.001000s ]
ERR: 无法加载模块:Ajax

[ 2016-11-20T18:55:49+08:00 ] 127.0.0.1 /ajax/index_more_news.php?st=5
INFO: [ app_init ] --START--
INFO: Run Behavior\BuildLiteBehavior [ RunTime:0.000000s ]
INFO: [ app_init ] --END-- [ RunTime:0.001000s ]
ERR: 无法加载模块:Ajax

[ 2016-11-20T18:55:53+08:00 ] 127.0.0.1 /ajax/index_more_news.php?st=1
INFO: [ app_init ] --START--
INFO: Run Behavior\BuildLiteBehavior [ RunTime:0.000000s ]
INFO: [ app_init ] --END-- [ RunTime:0.002000s ]
ERR: 无法加载模块:Ajax

[ 2016-11-20T18:55:58+08:00 ] 127.0.0.1 /ajax/index_more_news.php?st=2
INFO: [ app_init ] --START--
INFO: Run Behavior\BuildLiteBehavior [ RunTime:0.000000s ]
INFO: [ app_init ] --END-- [ RunTime:0.001000s ]
ERR: 无法加载模块:Ajax

[ 2016-11-20T18:56:03+08:00 ] 127.0.0.1 /ajax/index_more_news.php?st=4
INFO: [ app_init ] --START--
INFO: Run Behavior\BuildLiteBehavior [ RunTime:0.000000s ]
INFO: [ app_init ] --END-- [ RunTime:0.000000s ]
ERR: 无法加载模块:Ajax

[ 2016-11-20T18:56:08+08:00 ] 127.0.0.1 /ajax/index_more_news.php?st=5
INFO: [ app_init ] --START--
INFO: Run Behavior\BuildLiteBehavior [ RunTime:0.000000s ]
INFO: [ app_init ] --END-- [ RunTime:0.001000s ]
ERR: 无法加载模块:Ajax

[ 2016-11-20T18:56:13+08:00 ] 127.0.0.1 /ajax/index_more_news.php?st=1
INFO: [ app_init ] --START--
INFO: Run Behavior\BuildLiteBehavior [ RunTime:0.000000s ]
INFO: [ app_init ] --END-- [ RunTime:0.001000s ]
ERR: 无法加载模块:Ajax

[ 2016-11-20T18:56:19+08:00 ] 127.0.0.1 /ajax/index_more_news.php?st=2
INFO: [ app_init ] --START--
INFO: Run Behavior\BuildLiteBehavior [ RunTime:0.000000s ]
INFO: [ app_init ] --END-- [ RunTime:0.001000s ]
ERR: 无法加载模块:Ajax

[ 2016-11-20T18:56:23+08:00 ] 127.0.0.1 /ajax/index_more_news.php?st=4
INFO: [ app_init ] --START--
INFO: Run Behavior\BuildLiteBehavior [ RunTime:0.001000s ]
INFO: [ app_init ] --END-- [ RunTime:0.001000s ]
ERR: 无法加载模块:Ajax

[ 2016-11-20T18:56:28+08:00 ] 127.0.0.1 /ajax/index_more_news.php?st=5
INFO: [ app_init ] --START--
INFO: Run Behavior\BuildLiteBehavior [ RunTime:0.000000s ]
INFO: [ app_init ] --END-- [ RunTime:0.001000s ]
ERR: 无法加载模块:Ajax

[ 2016-11-20T18:56:33+08:00 ] 127.0.0.1 /ajax/index_more_news.php?st=1
INFO: [ app_init ] --START--
INFO: Run Behavior\BuildLiteBehavior [ RunTime:0.000000s ]
INFO: [ app_init ] --END-- [ RunTime:0.001000s ]
ERR: 无法加载模块:Ajax

[ 2016-11-20T18:56:38+08:00 ] 127.0.0.1 /ajax/index_more_news.php?st=2
INFO: [ app_init ] --START--
INFO: Run Behavior\BuildLiteBehavior [ RunTime:0.000000s ]
INFO: [ app_init ] --END-- [ RunTime:0.000000s ]
ERR: 无法加载模块:Ajax

[ 2016-11-20T18:56:43+08:00 ] 127.0.0.1 /ajax/index_more_news.php?st=4
INFO: [ app_init ] --START--
INFO: Run Behavior\BuildLiteBehavior [ RunTime:0.000000s ]
INFO: [ app_init ] --END-- [ RunTime:0.001000s ]
ERR: 无法加载模块:Ajax

[ 2016-11-20T18:56:48+08:00 ] 127.0.0.1 /ajax/index_more_news.php?st=5
INFO: [ app_init ] --START--
INFO: Run Behavior\BuildLiteBehavior [ RunTime:0.001000s ]
INFO: [ app_init ] --END-- [ RunTime:0.001000s ]
ERR: 无法加载模块:Ajax

[ 2016-11-20T18:56:53+08:00 ] 127.0.0.1 /ajax/index_more_news.php?st=1
INFO: [ app_init ] --START--
INFO: Run Behavior\BuildLiteBehavior [ RunTime:0.000000s ]
INFO: [ app_init ] --END-- [ RunTime:0.001000s ]
ERR: 无法加载模块:Ajax

[ 2016-11-20T18:56:58+08:00 ] 127.0.0.1 /ajax/index_more_news.php?st=2
INFO: [ app_init ] --START--
INFO: Run Behavior\BuildLiteBehavior [ RunTime:0.000000s ]
INFO: [ app_init ] --END-- [ RunTime:0.001000s ]
ERR: 无法加载模块:Ajax

[ 2016-11-20T18:57:03+08:00 ] 127.0.0.1 /ajax/index_more_news.php?st=4
INFO: [ app_init ] --START--
INFO: Run Behavior\BuildLiteBehavior [ RunTime:0.000000s ]
INFO: [ app_init ] --END-- [ RunTime:0.002001s ]
ERR: 无法加载模块:Ajax

[ 2016-11-20T18:57:08+08:00 ] 127.0.0.1 /ajax/index_more_news.php?st=5
INFO: [ app_init ] --START--
INFO: Run Behavior\BuildLiteBehavior [ RunTime:0.001000s ]
INFO: [ app_init ] --END-- [ RunTime:0.001000s ]
ERR: 无法加载模块:Ajax

[ 2016-11-20T18:57:13+08:00 ] 127.0.0.1 /ajax/index_more_news.php?st=1
INFO: [ app_init ] --START--
INFO: Run Behavior\BuildLiteBehavior [ RunTime:0.000000s ]
INFO: [ app_init ] --END-- [ RunTime:0.001000s ]
ERR: 无法加载模块:Ajax

[ 2016-11-20T18:57:18+08:00 ] 127.0.0.1 /ajax/index_more_news.php?st=2
INFO: [ app_init ] --START--
INFO: Run Behavior\BuildLiteBehavior [ RunTime:0.000000s ]
INFO: [ app_init ] --END-- [ RunTime:0.001000s ]
ERR: 无法加载模块:Ajax

[ 2016-11-20T18:57:23+08:00 ] 127.0.0.1 /ajax/index_more_news.php?st=4
INFO: [ app_init ] --START--
INFO: Run Behavior\BuildLiteBehavior [ RunTime:0.000000s ]
INFO: [ app_init ] --END-- [ RunTime:0.001000s ]
ERR: 无法加载模块:Ajax

[ 2016-11-20T18:57:28+08:00 ] 127.0.0.1 /ajax/index_more_news.php?st=5
INFO: [ app_init ] --START--
INFO: Run Behavior\BuildLiteBehavior [ RunTime:0.000000s ]
INFO: [ app_init ] --END-- [ RunTime:0.001000s ]
ERR: 无法加载模块:Ajax

[ 2016-11-20T18:57:33+08:00 ] 127.0.0.1 /ajax/index_more_news.php?st=1
INFO: [ app_init ] --START--
INFO: Run Behavior\BuildLiteBehavior [ RunTime:0.000000s ]
INFO: [ app_init ] --END-- [ RunTime:0.001001s ]
ERR: 无法加载模块:Ajax

[ 2016-11-20T18:57:38+08:00 ] 127.0.0.1 /ajax/index_more_news.php?st=2
INFO: [ app_init ] --START--
INFO: Run Behavior\BuildLiteBehavior [ RunTime:0.000000s ]
INFO: [ app_init ] --END-- [ RunTime:0.001001s ]
ERR: 无法加载模块:Ajax

[ 2016-11-20T18:57:43+08:00 ] 127.0.0.1 /ajax/index_more_news.php?st=4
INFO: [ app_init ] --START--
INFO: Run Behavior\BuildLiteBehavior [ RunTime:0.000000s ]
INFO: [ app_init ] --END-- [ RunTime:0.001000s ]
ERR: 无法加载模块:Ajax

[ 2016-11-20T18:57:48+08:00 ] 127.0.0.1 /ajax/index_more_news.php?st=5
INFO: [ app_init ] --START--
INFO: Run Behavior\BuildLiteBehavior [ RunTime:0.000000s ]
INFO: [ app_init ] --END-- [ RunTime:0.001000s ]
ERR: 无法加载模块:Ajax

[ 2016-11-20T18:57:53+08:00 ] 127.0.0.1 /ajax/index_more_news.php?st=1
INFO: [ app_init ] --START--
INFO: Run Behavior\BuildLiteBehavior [ RunTime:0.000000s ]
INFO: [ app_init ] --END-- [ RunTime:0.001000s ]
ERR: 无法加载模块:Ajax

[ 2016-11-20T18:57:58+08:00 ] 127.0.0.1 /ajax/index_more_news.php?st=2
INFO: [ app_init ] --START--
INFO: Run Behavior\BuildLiteBehavior [ RunTime:0.000000s ]
INFO: [ app_init ] --END-- [ RunTime:0.002000s ]
ERR: 无法加载模块:Ajax

[ 2016-11-20T18:58:03+08:00 ] 127.0.0.1 /ajax/index_more_news.php?st=4
INFO: [ app_init ] --START--
INFO: Run Behavior\BuildLiteBehavior [ RunTime:0.000000s ]
INFO: [ app_init ] --END-- [ RunTime:0.002000s ]
ERR: 无法加载模块:Ajax

[ 2016-11-20T18:58:08+08:00 ] 127.0.0.1 /ajax/index_more_news.php?st=5
INFO: [ app_init ] --START--
INFO: Run Behavior\BuildLiteBehavior [ RunTime:0.000000s ]
INFO: [ app_init ] --END-- [ RunTime:0.001000s ]
ERR: 无法加载模块:Ajax

[ 2016-11-20T18:58:13+08:00 ] 127.0.0.1 /ajax/index_more_news.php?st=1
INFO: [ app_init ] --START--
INFO: Run Behavior\BuildLiteBehavior [ RunTime:0.000000s ]
INFO: [ app_init ] --END-- [ RunTime:0.001000s ]
ERR: 无法加载模块:Ajax

[ 2016-11-20T18:58:18+08:00 ] 127.0.0.1 /ajax/index_more_news.php?st=2
INFO: [ app_init ] --START--
INFO: Run Behavior\BuildLiteBehavior [ RunTime:0.000000s ]
INFO: [ app_init ] --END-- [ RunTime:0.001000s ]
ERR: 无法加载模块:Ajax

[ 2016-11-20T18:58:23+08:00 ] 127.0.0.1 /ajax/index_more_news.php?st=4
INFO: [ app_init ] --START--
INFO: Run Behavior\BuildLiteBehavior [ RunTime:0.000000s ]
INFO: [ app_init ] --END-- [ RunTime:0.003000s ]
ERR: 无法加载模块:Ajax

[ 2016-11-20T18:58:28+08:00 ] 127.0.0.1 /ajax/index_more_news.php?st=5
INFO: [ app_init ] --START--
INFO: Run Behavior\BuildLiteBehavior [ RunTime:0.000000s ]
INFO: [ app_init ] --END-- [ RunTime:0.001000s ]
ERR: 无法加载模块:Ajax

[ 2016-11-20T18:58:33+08:00 ] 127.0.0.1 /ajax/index_more_news.php?st=1
INFO: [ app_init ] --START--
INFO: Run Behavior\BuildLiteBehavior [ RunTime:0.000000s ]
INFO: [ app_init ] --END-- [ RunTime:0.001000s ]
ERR: 无法加载模块:Ajax

[ 2016-11-20T18:58:38+08:00 ] 127.0.0.1 /ajax/index_more_news.php?st=2
INFO: [ app_init ] --START--
INFO: Run Behavior\BuildLiteBehavior [ RunTime:0.000000s ]
INFO: [ app_init ] --END-- [ RunTime:0.000000s ]
ERR: 无法加载模块:Ajax

[ 2016-11-20T18:58:43+08:00 ] 127.0.0.1 /ajax/index_more_news.php?st=4
INFO: [ app_init ] --START--
INFO: Run Behavior\BuildLiteBehavior [ RunTime:0.000000s ]
INFO: [ app_init ] --END-- [ RunTime:0.001000s ]
ERR: 无法加载模块:Ajax

[ 2016-11-20T18:58:48+08:00 ] 127.0.0.1 /ajax/index_more_news.php?st=5
INFO: [ app_init ] --START--
INFO: Run Behavior\BuildLiteBehavior [ RunTime:0.000000s ]
INFO: [ app_init ] --END-- [ RunTime:0.002000s ]
ERR: 无法加载模块:Ajax

[ 2016-11-20T18:58:53+08:00 ] 127.0.0.1 /ajax/index_more_news.php?st=1
INFO: [ app_init ] --START--
INFO: Run Behavior\BuildLiteBehavior [ RunTime:0.000000s ]
INFO: [ app_init ] --END-- [ RunTime:0.002000s ]
ERR: 无法加载模块:Ajax

[ 2016-11-20T18:58:58+08:00 ] 127.0.0.1 /ajax/index_more_news.php?st=2
INFO: [ app_init ] --START--
INFO: Run Behavior\BuildLiteBehavior [ RunTime:0.000000s ]
INFO: [ app_init ] --END-- [ RunTime:0.001000s ]
ERR: 无法加载模块:Ajax

[ 2016-11-20T18:59:03+08:00 ] 127.0.0.1 /ajax/index_more_news.php?st=4
INFO: [ app_init ] --START--
INFO: Run Behavior\BuildLiteBehavior [ RunTime:0.000000s ]
INFO: [ app_init ] --END-- [ RunTime:0.001000s ]
ERR: 无法加载模块:Ajax

[ 2016-11-20T18:59:08+08:00 ] 127.0.0.1 /ajax/index_more_news.php?st=5
INFO: [ app_init ] --START--
INFO: Run Behavior\BuildLiteBehavior [ RunTime:0.000000s ]
INFO: [ app_init ] --END-- [ RunTime:0.001000s ]
ERR: 无法加载模块:Ajax

[ 2016-11-20T18:59:13+08:00 ] 127.0.0.1 /ajax/index_more_news.php?st=1
INFO: [ app_init ] --START--
INFO: Run Behavior\BuildLiteBehavior [ RunTime:0.000000s ]
INFO: [ app_init ] --END-- [ RunTime:0.001000s ]
ERR: 无法加载模块:Ajax

[ 2016-11-20T18:59:18+08:00 ] 127.0.0.1 /ajax/index_more_news.php?st=2
INFO: [ app_init ] --START--
INFO: Run Behavior\BuildLiteBehavior [ RunTime:0.000000s ]
INFO: [ app_init ] --END-- [ RunTime:0.001000s ]
ERR: 无法加载模块:Ajax

[ 2016-11-20T18:59:23+08:00 ] 127.0.0.1 /ajax/index_more_news.php?st=4
INFO: [ app_init ] --START--
INFO: Run Behavior\BuildLiteBehavior [ RunTime:0.000000s ]
INFO: [ app_init ] --END-- [ RunTime:0.001000s ]
ERR: 无法加载模块:Ajax

[ 2016-11-20T18:59:28+08:00 ] 127.0.0.1 /ajax/index_more_news.php?st=5
INFO: [ app_init ] --START--
INFO: Run Behavior\BuildLiteBehavior [ RunTime:0.000000s ]
INFO: [ app_init ] --END-- [ RunTime:0.001000s ]
ERR: 无法加载模块:Ajax

[ 2016-11-20T18:59:33+08:00 ] 127.0.0.1 /ajax/index_more_news.php?st=1
INFO: [ app_init ] --START--
INFO: Run Behavior\BuildLiteBehavior [ RunTime:0.000000s ]
INFO: [ app_init ] --END-- [ RunTime:0.001000s ]
ERR: 无法加载模块:Ajax

[ 2016-11-20T18:59:38+08:00 ] 127.0.0.1 /ajax/index_more_news.php?st=2
INFO: [ app_init ] --START--
INFO: Run Behavior\BuildLiteBehavior [ RunTime:0.000000s ]
INFO: [ app_init ] --END-- [ RunTime:0.001000s ]
ERR: 无法加载模块:Ajax

[ 2016-11-20T18:59:43+08:00 ] 127.0.0.1 /ajax/index_more_news.php?st=4
INFO: [ app_init ] --START--
INFO: Run Behavior\BuildLiteBehavior [ RunTime:0.000000s ]
INFO: [ app_init ] --END-- [ RunTime:0.000000s ]
ERR: 无法加载模块:Ajax

[ 2016-11-20T18:59:48+08:00 ] 127.0.0.1 /ajax/index_more_news.php?st=5
INFO: [ app_init ] --START--
INFO: Run Behavior\BuildLiteBehavior [ RunTime:0.000000s ]
INFO: [ app_init ] --END-- [ RunTime:0.001000s ]
ERR: 无法加载模块:Ajax

[ 2016-11-20T18:59:53+08:00 ] 127.0.0.1 /ajax/index_more_news.php?st=1
INFO: [ app_init ] --START--
INFO: Run Behavior\BuildLiteBehavior [ RunTime:0.000000s ]
INFO: [ app_init ] --END-- [ RunTime:0.001000s ]
ERR: 无法加载模块:Ajax

[ 2016-11-20T18:59:58+08:00 ] 127.0.0.1 /ajax/index_more_news.php?st=2
INFO: [ app_init ] --START--
INFO: Run Behavior\BuildLiteBehavior [ RunTime:0.000000s ]
INFO: [ app_init ] --END-- [ RunTime:0.001000s ]
ERR: 无法加载模块:Ajax

[ 2016-11-20T19:00:03+08:00 ] 127.0.0.1 /ajax/index_more_news.php?st=4
INFO: [ app_init ] --START--
INFO: Run Behavior\BuildLiteBehavior [ RunTime:0.000000s ]
INFO: [ app_init ] --END-- [ RunTime:0.001000s ]
ERR: 无法加载模块:Ajax

[ 2016-11-20T19:00:08+08:00 ] 127.0.0.1 /ajax/index_more_news.php?st=5
INFO: [ app_init ] --START--
INFO: Run Behavior\BuildLiteBehavior [ RunTime:0.000000s ]
INFO: [ app_init ] --END-- [ RunTime:0.001000s ]
ERR: 无法加载模块:Ajax

[ 2016-11-20T19:00:13+08:00 ] 127.0.0.1 /ajax/index_more_news.php?st=1
INFO: [ app_init ] --START--
INFO: Run Behavior\BuildLiteBehavior [ RunTime:0.000000s ]
INFO: [ app_init ] --END-- [ RunTime:0.001000s ]
ERR: 无法加载模块:Ajax

[ 2016-11-20T19:00:18+08:00 ] 127.0.0.1 /ajax/index_more_news.php?st=2
INFO: [ app_init ] --START--
INFO: Run Behavior\BuildLiteBehavior [ RunTime:0.000000s ]
INFO: [ app_init ] --END-- [ RunTime:0.001000s ]
ERR: 无法加载模块:Ajax

[ 2016-11-20T19:00:23+08:00 ] 127.0.0.1 /ajax/index_more_news.php?st=4
INFO: [ app_init ] --START--
INFO: Run Behavior\BuildLiteBehavior [ RunTime:0.000000s ]
INFO: [ app_init ] --END-- [ RunTime:0.001000s ]
ERR: 无法加载模块:Ajax

[ 2016-11-20T19:00:28+08:00 ] 127.0.0.1 /ajax/index_more_news.php?st=5
INFO: [ app_init ] --START--
INFO: Run Behavior\BuildLiteBehavior [ RunTime:0.000000s ]
INFO: [ app_init ] --END-- [ RunTime:0.001000s ]
ERR: 无法加载模块:Ajax

[ 2016-11-20T19:00:34+08:00 ] 127.0.0.1 /ajax/index_more_news.php?st=1
INFO: [ app_init ] --START--
INFO: Run Behavior\BuildLiteBehavior [ RunTime:0.000000s ]
INFO: [ app_init ] --END-- [ RunTime:0.000000s ]
ERR: 无法加载模块:Ajax

[ 2016-11-20T19:00:38+08:00 ] 127.0.0.1 /ajax/index_more_news.php?st=2
INFO: [ app_init ] --START--
INFO: Run Behavior\BuildLiteBehavior [ RunTime:0.000000s ]
INFO: [ app_init ] --END-- [ RunTime:0.001000s ]
ERR: 无法加载模块:Ajax

[ 2016-11-20T19:00:43+08:00 ] 127.0.0.1 /ajax/index_more_news.php?st=4
INFO: [ app_init ] --START--
INFO: Run Behavior\BuildLiteBehavior [ RunTime:0.000000s ]
INFO: [ app_init ] --END-- [ RunTime:0.000000s ]
ERR: 无法加载模块:Ajax

[ 2016-11-20T19:00:48+08:00 ] 127.0.0.1 /ajax/index_more_news.php?st=5
INFO: [ app_init ] --START--
INFO: Run Behavior\BuildLiteBehavior [ RunTime:0.000000s ]
INFO: [ app_init ] --END-- [ RunTime:0.001000s ]
ERR: 无法加载模块:Ajax

[ 2016-11-20T19:00:53+08:00 ] 127.0.0.1 /ajax/index_more_news.php?st=1
INFO: [ app_init ] --START--
INFO: Run Behavior\BuildLiteBehavior [ RunTime:0.000000s ]
INFO: [ app_init ] --END-- [ RunTime:0.001000s ]
ERR: 无法加载模块:Ajax

[ 2016-11-20T20:58:41+08:00 ] 127.0.0.1 /Public/assets/images/msj_menuarrow.gif?v=3
INFO: [ app_init ] --START--
INFO: Run Behavior\BuildLiteBehavior [ RunTime:0.000000s ]
INFO: [ app_init ] --END-- [ RunTime:0.001000s ]
ERR: 无法加载模块:Public

[ 2016-11-20T20:58:41+08:00 ] 127.0.0.1 /Public/assets/images/index_arrow.gif?v=1
INFO: [ app_init ] --START--
INFO: Run Behavior\BuildLiteBehavior [ RunTime:0.000000s ]
INFO: [ app_init ] --END-- [ RunTime:0.001000s ]
ERR: 无法加载模块:Public

[ 2016-11-20T20:58:42+08:00 ] 127.0.0.1 /favicon.ico
INFO: [ app_init ] --START--
INFO: Run Behavior\BuildLiteBehavior [ RunTime:0.000000s ]
INFO: [ app_init ] --END-- [ RunTime:0.000000s ]
ERR: 无法加载模块:Favicon

[ 2016-11-20T20:58:44+08:00 ] 127.0.0.1 /Public/assets/images/msj_menuarrow.gif?v=3
INFO: [ app_init ] --START--
INFO: Run Behavior\BuildLiteBehavior [ RunTime:0.000000s ]
INFO: [ app_init ] --END-- [ RunTime:0.001000s ]
ERR: 无法加载模块:Public

[ 2016-11-20T20:58:44+08:00 ] 127.0.0.1 /Public/assets/images/index_arrow.gif?v=1
INFO: [ app_init ] --START--
INFO: Run Behavior\BuildLiteBehavior [ RunTime:0.000000s ]
INFO: [ app_init ] --END-- [ RunTime:0.001000s ]
ERR: 无法加载模块:Public

[ 2016-11-20T21:40:21+08:00 ] 127.0.0.1 /Public/assets/images/msj_menuarrow.gif?v=3
INFO: [ app_init ] --START--
INFO: Run Behavior\BuildLiteBehavior [ RunTime:0.001000s ]
INFO: [ app_init ] --END-- [ RunTime:0.004001s ]
ERR: 无法加载模块:Public

[ 2016-11-20T21:40:21+08:00 ] 127.0.0.1 /Public/assets/images/index_arrow.gif?v=1
INFO: [ app_init ] --START--
INFO: Run Behavior\BuildLiteBehavior [ RunTime:0.000000s ]
INFO: [ app_init ] --END-- [ RunTime:0.001000s ]
ERR: 无法加载模块:Public

[ 2016-11-20T21:41:28+08:00 ] 127.0.0.1 /Public/assets/images/msj_menuarrow.gif?v=3
INFO: [ app_init ] --START--
INFO: Run Behavior\BuildLiteBehavior [ RunTime:0.000000s ]
INFO: [ app_init ] --END-- [ RunTime:0.002000s ]
ERR: 无法加载模块:Public

[ 2016-11-20T21:41:28+08:00 ] 127.0.0.1 /Public/assets/images/index_arrow.gif?v=1
INFO: [ app_init ] --START--
INFO: Run Behavior\BuildLiteBehavior [ RunTime:0.000000s ]
INFO: [ app_init ] --END-- [ RunTime:0.002000s ]
ERR: 无法加载模块:Public

[ 2016-11-20T21:41:32+08:00 ] 127.0.0.1 /Public/assets/images/msj_menuarrow.gif?v=3
INFO: [ app_init ] --START--
INFO: Run Behavior\BuildLiteBehavior [ RunTime:0.000000s ]
INFO: [ app_init ] --END-- [ RunTime:0.001000s ]
ERR: 无法加载模块:Public

[ 2016-11-20T21:41:32+08:00 ] 127.0.0.1 /Public/assets/qrcode.php
INFO: [ app_init ] --START--
INFO: Run Behavior\BuildLiteBehavior [ RunTime:0.000000s ]
INFO: [ app_init ] --END-- [ RunTime:0.002000s ]
ERR: 无法加载模块:Public

[ 2016-11-20T21:41:42+08:00 ] 127.0.0.1 /Public/assets/images/msj_menuarrow.gif?v=3
INFO: [ app_init ] --START--
INFO: Run Behavior\BuildLiteBehavior [ RunTime:0.001000s ]
INFO: [ app_init ] --END-- [ RunTime:0.001000s ]
ERR: 无法加载模块:Public

[ 2016-11-20T21:41:53+08:00 ] 127.0.0.1 /Public/assets/images/msj_menuarrow.gif?v=3
INFO: [ app_init ] --START--
INFO: Run Behavior\BuildLiteBehavior [ RunTime:0.000000s ]
INFO: [ app_init ] --END-- [ RunTime:0.001000s ]
ERR: 无法加载模块:Public

[ 2016-11-20T21:42:38+08:00 ] 127.0.0.1 /Public/assets/images/msj_menuarrow.gif?v=3
INFO: [ app_init ] --START--
INFO: Run Behavior\BuildLiteBehavior [ RunTime:0.000000s ]
INFO: [ app_init ] --END-- [ RunTime:0.003000s ]
ERR: 无法加载模块:Public

[ 2016-11-20T21:42:50+08:00 ] 127.0.0.1 /Public/assets/images/msj_menuarrow.gif?v=3
INFO: [ app_init ] --START--
INFO: Run Behavior\BuildLiteBehavior [ RunTime:0.001000s ]
INFO: [ app_init ] --END-- [ RunTime:0.002001s ]
ERR: 无法加载模块:Public

[ 2016-11-20T21:42:53+08:00 ] 127.0.0.1 /Public/assets/images/msj_menuarrow.gif?v=3
INFO: [ app_init ] --START--
INFO: Run Behavior\BuildLiteBehavior [ RunTime:0.000000s ]
INFO: [ app_init ] --END-- [ RunTime:0.002000s ]
ERR: 无法加载模块:Public

[ 2016-11-20T21:42:53+08:00 ] 127.0.0.1 /Public/assets/images/index_arrow.gif?v=1
INFO: [ app_init ] --START--
INFO: Run Behavior\BuildLiteBehavior [ RunTime:0.001000s ]
INFO: [ app_init ] --END-- [ RunTime:0.002000s ]
ERR: 无法加载模块:Public

[ 2016-11-20T23:33:17+08:00 ] 127.0.0.1 /Public/assets/qrcode.php
INFO: [ app_init ] --START--
INFO: Run Behavior\BuildLiteBehavior [ RunTime:0.000000s ]
INFO: [ app_init ] --END-- [ RunTime:0.002000s ]
ERR: 无法加载模块:Public

[ 2016-11-20T23:33:17+08:00 ] 127.0.0.1 /Public/assets/images/msj_menuarrow.gif?v=3
INFO: [ app_init ] --START--
INFO: Run Behavior\BuildLiteBehavior [ RunTime:0.000000s ]
INFO: [ app_init ] --END-- [ RunTime:0.000000s ]
ERR: 无法加载模块:Public

[ 2016-11-20T23:35:11+08:00 ] 127.0.0.1 /Public/assets/images/msj_menuarrow.gif?v=3
INFO: [ app_init ] --START--
INFO: Run Behavior\BuildLiteBehavior [ RunTime:0.000000s ]
INFO: [ app_init ] --END-- [ RunTime:0.001000s ]
ERR: 无法加载模块:Public

[ 2016-11-20T23:35:30+08:00 ] 127.0.0.1 /Public/assets/images/msj_menuarrow.gif?v=3
INFO: [ app_init ] --START--
INFO: Run Behavior\BuildLiteBehavior [ RunTime:0.000000s ]
INFO: [ app_init ] --END-- [ RunTime:0.002000s ]
ERR: 无法加载模块:Public

[ 2016-11-20T23:35:51+08:00 ] 127.0.0.1 /Public/assets/images/msj_menuarrow.gif?v=3
INFO: [ app_init ] --START--
INFO: Run Behavior\BuildLiteBehavior [ RunTime:0.000000s ]
INFO: [ app_init ] --END-- [ RunTime:0.002000s ]
ERR: 无法加载模块:Public

[ 2016-11-20T23:35:56+08:00 ] 127.0.0.1 /Public/assets/images/msj_menuarrow.gif?v=3
INFO: [ app_init ] --START--
INFO: Run Behavior\BuildLiteBehavior [ RunTime:0.000000s ]
INFO: [ app_init ] --END-- [ RunTime:0.002000s ]
ERR: 无法加载模块:Public

[ 2016-11-20T23:35:58+08:00 ] 127.0.0.1 /Public/assets/images/msj_menuarrow.gif?v=3
INFO: [ app_init ] --START--
INFO: Run Behavior\BuildLiteBehavior [ RunTime:0.000000s ]
INFO: [ app_init ] --END-- [ RunTime:0.002000s ]
ERR: 无法加载模块:Public

[ 2016-11-20T23:36:00+08:00 ] 127.0.0.1 /Public/assets/images/msj_menuarrow.gif?v=3
INFO: [ app_init ] --START--
INFO: Run Behavior\BuildLiteBehavior [ RunTime:0.000000s ]
INFO: [ app_init ] --END-- [ RunTime:0.001000s ]
ERR: 无法加载模块:Public

[ 2016-11-20T23:36:01+08:00 ] 127.0.0.1 /Public/assets/images/msj_menuarrow.gif?v=3
INFO: [ app_init ] --START--
INFO: Run Behavior\BuildLiteBehavior [ RunTime:0.000000s ]
INFO: [ app_init ] --END-- [ RunTime:0.001000s ]
ERR: 无法加载模块:Public

[ 2016-11-20T23:36:02+08:00 ] 127.0.0.1 /Public/assets/images/msj_menuarrow.gif?v=3
INFO: [ app_init ] --START--
INFO: Run Behavior\BuildLiteBehavior [ RunTime:0.000000s ]
INFO: [ app_init ] --END-- [ RunTime:0.002000s ]
ERR: 无法加载模块:Public

[ 2016-11-20T23:36:08+08:00 ] 127.0.0.1 /Public/assets/images/msj_menuarrow.gif?v=3
INFO: [ app_init ] --START--
INFO: Run Behavior\BuildLiteBehavior [ RunTime:0.000000s ]
INFO: [ app_init ] --END-- [ RunTime:0.001000s ]
ERR: 无法加载模块:Public

[ 2016-11-20T23:36:11+08:00 ] 127.0.0.1 /Public/assets/images/msj_menuarrow.gif?v=3
INFO: [ app_init ] --START--
INFO: Run Behavior\BuildLiteBehavior [ RunTime:0.001000s ]
INFO: [ app_init ] --END-- [ RunTime:0.002000s ]
ERR: 无法加载模块:Public

[ 2016-11-20T23:41:59+08:00 ] 127.0.0.1 /Public/assets/images/msj_menuarrow.gif?v=3
INFO: [ app_init ] --START--
INFO: Run Behavior\BuildLiteBehavior [ RunTime:0.000000s ]
INFO: [ app_init ] --END-- [ RunTime:0.001000s ]
ERR: 无法加载模块:Public

[ 2016-11-20T23:41:59+08:00 ] 127.0.0.1 /Public/assets/images/index_arrow.gif?v=1
INFO: [ app_init ] --START--
INFO: Run Behavior\BuildLiteBehavior [ RunTime:0.000000s ]
INFO: [ app_init ] --END-- [ RunTime:0.002000s ]
ERR: 无法加载模块:Public

