[ 2016-11-16T13:02:57+08:00 ] 127.0.0.1 /Admin/Article/create.html
INFO: [ app_init ] --START--
INFO: Run Behavior\BuildLiteBehavior [ RunTime:0.000000s ]
INFO: [ app_init ] --END-- [ RunTime:0.001000s ]
INFO: [ app_begin ] --START--
INFO: Run Behavior\ReadHtmlCacheBehavior [ RunTime:0.002000s ]
INFO: [ app_begin ] --END-- [ RunTime:0.002000s ]
SQL: SHOW COLUMNS FROM `article` [ RunTime:0.0150s ]
SQL: SHOW COLUMNS FROM `category` [ RunTime:0.0030s ]
INFO: [ view_parse ] --START--
INFO: [ template_filter ] --START--
INFO: Run Behavior\ContentReplaceBehavior [ RunTime:0.000000s ]
INFO: [ template_filter ] --END-- [ RunTime:0.001000s ]
INFO: Run Behavior\ParseTemplateBehavior [ RunTime:0.065004s ]
INFO: [ view_parse ] --END-- [ RunTime:0.067004s ]
INFO: [ view_filter ] --START--
INFO: Run Behavior\WriteHtmlCacheBehavior [ RunTime:0.002000s ]
INFO: [ view_filter ] --END-- [ RunTime:0.002000s ]
INFO: [ app_end ] --START--
INFO: Run Behavior\ShowPageTraceBehavior [ RunTime:0.002000s ]
INFO: [ app_end ] --END-- [ RunTime:0.003000s ]

[ 2016-11-16T13:06:02+08:00 ] 127.0.0.1 /Admin/Article/store.html
INFO: [ app_init ] --START--
INFO: Run Behavior\BuildLiteBehavior [ RunTime:0.000000s ]
INFO: [ app_init ] --END-- [ RunTime:0.001000s ]
INFO: [ app_begin ] --START--
INFO: Run Behavior\ReadHtmlCacheBehavior [ RunTime:0.001000s ]
INFO: [ app_begin ] --END-- [ RunTime:0.002000s ]
SQL: SHOW COLUMNS FROM `article` [ RunTime:0.0350s ]
SQL: SHOW COLUMNS FROM `category` [ RunTime:0.0010s ]
SQL: SHOW COLUMNS FROM `article` [ RunTime:0.0010s ]
NOTIC: [8] Undefined index: validate D:\wamp64\www\tpcms\ThinkPHP\Library\Think\Model.class.php 第 1185 行.
NOTIC: [8] Undefined index: auto D:\wamp64\www\tpcms\ThinkPHP\Library\Think\Model.class.php 第 1128 行.
SQL: INSERT INTO `article` (`category_id`,`title`,`color`,`time`,`thumb`,`file`,`description`,`type`,`content`) VALUES ('11','糖醋排骨','#000000','1479225600','/Upload/files/bc6dbb9e7502e02be68b51bd7c61e8c8_150x150.jpg','','晚餐#糖醋排骨','1','&lt;p&gt;晚上吃糖醋排骨&lt;/p&gt;
') [ RunTime:0.0930s ]

[ 2016-11-16T13:06:02+08:00 ] 127.0.0.1 /Admin/Article/index.html
INFO: [ app_init ] --START--
INFO: Run Behavior\BuildLiteBehavior [ RunTime:0.000000s ]
INFO: [ app_init ] --END-- [ RunTime:0.001000s ]
INFO: [ app_begin ] --START--
INFO: Run Behavior\ReadHtmlCacheBehavior [ RunTime:0.001000s ]
INFO: [ app_begin ] --END-- [ RunTime:0.002000s ]
SQL: SHOW COLUMNS FROM `article` [ RunTime:0.0100s ]
SQL: SHOW COLUMNS FROM `category` [ RunTime:0.0070s ]
SQL: SHOW COLUMNS FROM `article` [ RunTime:0.0020s ]
SQL: SELECT COUNT(*) AS tp_count FROM `article` WHERE ( status=1 ) LIMIT 1   [ RunTime:0.0010s ]
SQL: SELECT * FROM `article` WHERE ( status=1 ) ORDER BY id LIMIT 0,4   [ RunTime:0.0150s ]
SQL: SHOW COLUMNS FROM `category` [ RunTime:0.0010s ]
SQL: SELECT * FROM `category` WHERE ( 1=1 AND id='18' ) LIMIT 1   [ RunTime:0.0000s ]
SQL: SELECT * FROM `category` WHERE ( 1=1 AND id='16' ) LIMIT 1   [ RunTime:0.0010s ]
SQL: SELECT * FROM `category` WHERE ( 1=1 AND id='17' ) LIMIT 1   [ RunTime:0.0010s ]
SQL: SELECT * FROM `category` WHERE ( 1=1 AND id='15' ) LIMIT 1   [ RunTime:0.0010s ]
INFO: [ view_parse ] --START--
INFO: [ template_filter ] --START--
INFO: Run Behavior\ContentReplaceBehavior [ RunTime:0.000000s ]
INFO: [ template_filter ] --END-- [ RunTime:0.000000s ]
INFO: Run Behavior\ParseTemplateBehavior [ RunTime:0.066003s ]
INFO: [ view_parse ] --END-- [ RunTime:0.066003s ]
INFO: [ view_filter ] --START--
INFO: Run Behavior\WriteHtmlCacheBehavior [ RunTime:0.001000s ]
INFO: [ view_filter ] --END-- [ RunTime:0.001000s ]
NOTIC: [2] Cannot modify header information - headers already sent by (output started at D:\wamp64\www\tpcms\ThinkPHP\Common\functions.php:850) D:\wamp64\www\tpcms\ThinkPHP\Library\Think\View.class.php 第 91 行.
NOTIC: [2] Cannot modify header information - headers already sent by (output started at D:\wamp64\www\tpcms\ThinkPHP\Common\functions.php:850) D:\wamp64\www\tpcms\ThinkPHP\Library\Think\View.class.php 第 92 行.
NOTIC: [2] Cannot modify header information - headers already sent by (output started at D:\wamp64\www\tpcms\ThinkPHP\Common\functions.php:850) D:\wamp64\www\tpcms\ThinkPHP\Library\Think\View.class.php 第 93 行.
INFO: [ app_end ] --START--
INFO: Run Behavior\ShowPageTraceBehavior [ RunTime:0.003000s ]
INFO: [ app_end ] --END-- [ RunTime:0.004000s ]

